<?xml version="1.0" encoding="UTF-8"?>
<testng-results skipped="0" failed="0" total="1" passed="1">
  <reporter-output>
  </reporter-output>
  <suite name="Login Suite" duration-ms="6501" started-at="2018-06-30T13:08:58Z" finished-at="2018-06-30T13:09:04Z">
    <groups>
    </groups>
    <test name="Login" duration-ms="6501" started-at="2018-06-30T13:08:58Z" finished-at="2018-06-30T13:09:04Z">
      <class name="com.jaymukul.sample.VerifyLogin">
        <test-method status="PASS" signature="runconfiguration()[pri:0, instance:com.jaymukul.sample.VerifyLogin@1e88b3c]" name="runconfiguration" is-config="true" duration-ms="5835" started-at="2018-06-30T18:38:58Z" finished-at="2018-06-30T18:39:04Z">
          <reporter-output>
          </reporter-output>
        </test-method> <!-- runconfiguration -->
        <test-method status="PASS" signature="LoginIntoDemoPractice()[pri:0, instance:com.jaymukul.sample.VerifyLogin@1e88b3c]" name="LoginIntoDemoPractice" duration-ms="480" started-at="2018-06-30T18:39:04Z" finished-at="2018-06-30T18:39:04Z">
          <reporter-output>
          </reporter-output>
        </test-method> <!-- LoginIntoDemoPractice -->
        <test-method status="PASS" signature="afterclose()[pri:0, instance:com.jaymukul.sample.VerifyLogin@1e88b3c]" name="afterclose" is-config="true" duration-ms="164" started-at="2018-06-30T18:39:04Z" finished-at="2018-06-30T18:39:04Z">
          <reporter-output>
          </reporter-output>
        </test-method> <!-- afterclose -->
      </class> <!-- com.jaymukul.sample.VerifyLogin -->
    </test> <!-- Login -->
  </suite> <!-- Login Suite -->
</testng-results>
